<?xml version="1.0" encoding="UTF-8"?>
<!-- Generated by org.testng.reporters.JUnitXMLReporter -->
<testsuite ignored="8" hostname="DESKTOP-EQ55Q8H" failures="0" tests="5" name="Test" time="113.408" errors="0" timestamp="2023-08-31T15:18:59 IST">
  <testcase classname="test.ATPhometest" name="Home" time="1.488"/>
  <testcase classname="test.ATPaboutustest" name="AboutUs" time="0.698"/>
  <testcase classname="test.ATPofferingtest" name="offering" time="1.097"/>
  <testcase classname="test.ATPcareertest" name="career" time="84.986"/>
  <testcase classname="test.ATPcontacttest" name="contact" time="17.533"/>
  <testcase classname="base.ATPbase" name="@BeforeTest testBase" time="0.0">
    <ignored/>
  </testcase> <!-- @BeforeTest testBase -->
  <testcase classname="base.ATPbase" name="@AfterTest tearDown" time="0.0">
    <ignored/>
  </testcase> <!-- @AfterTest tearDown -->
  <testcase classname="base.ATPbase" name="@BeforeTest testBase" time="0.0">
    <ignored/>
  </testcase> <!-- @BeforeTest testBase -->
  <testcase classname="base.ATPbase" name="@AfterTest tearDown" time="0.0">
    <ignored/>
  </testcase> <!-- @AfterTest tearDown -->
  <testcase classname="base.ATPbase" name="@BeforeTest testBase" time="0.0">
    <ignored/>
  </testcase> <!-- @BeforeTest testBase -->
  <testcase classname="base.ATPbase" name="@AfterTest tearDown" time="0.0">
    <ignored/>
  </testcase> <!-- @AfterTest tearDown -->
  <testcase classname="base.ATPbase" name="@BeforeTest testBase" time="0.0">
    <ignored/>
  </testcase> <!-- @BeforeTest testBase -->
  <testcase classname="base.ATPbase" name="@AfterTest tearDown" time="0.0">
    <ignored/>
  </testcase> <!-- @AfterTest tearDown -->
</testsuite> <!-- Test -->
