<?xml version="1.0" encoding="UTF-8"?>
<testng-results ignored="0" total="1" passed="1" failed="0" skipped="0">
  <reporter-output>
  </reporter-output>
  <suite started-at="2023-08-05T13:28:51 IST" name="Default suite" finished-at="2023-08-05T13:29:00 IST" duration-ms="8374">
    <groups>
    </groups>
    <test started-at="2023-08-05T13:28:51 IST" name="Default test" finished-at="2023-08-05T13:29:00 IST" duration-ms="8374">
      <class name="test.ATPtest">
        <test-method is-config="true" signature="testBase()[pri:0, instance:test.ATPtest@69e153c5]" started-at="2023-08-05T13:28:52 IST" name="testBase" finished-at="2023-08-05T13:28:57 IST" duration-ms="5418" status="PASS">
          <reporter-output>
          </reporter-output>
        </test-method> <!-- testBase -->
        <test-method signature="setUp()[pri:0, instance:test.ATPtest@69e153c5]" started-at="2023-08-05T13:28:57 IST" name="setUp" finished-at="2023-08-05T13:28:59 IST" duration-ms="2413" status="PASS">
          <reporter-output>
          </reporter-output>
        </test-method> <!-- setUp -->
        <test-method is-config="true" signature="tearDown()[pri:0, instance:test.ATPtest@69e153c5]" started-at="2023-08-05T13:28:59 IST" name="tearDown" finished-at="2023-08-05T13:29:00 IST" duration-ms="422" status="PASS">
          <reporter-output>
          </reporter-output>
        </test-method> <!-- tearDown -->
      </class> <!-- test.ATPtest -->
    </test> <!-- Default test -->
  </suite> <!-- Default suite -->
</testng-results>
